<?xml version="1.0" encoding="UTF-8"?>
<testng-results ignored="0" total="3" passed="3" failed="0" skipped="0">
  <reporter-output>
  </reporter-output>
  <suite started-at="2025-03-14T06:50:46 IST" name="Suite" finished-at="2025-03-14T06:51:46 IST" duration-ms="59864">
    <groups>
      <group name="Master">
        <method signature="TC_LoginDDT.TC_LoginDDT(java.lang.String,java.lang.String,java.lang.String)[pri:0, instance:testCases.TC_LoginDDT@2b71e916]" name="TC_LoginDDT" class="testCases.TC_LoginDDT"/>
      </group> <!-- Master -->
      <group name="Sanity">
        <method signature="TC_LoginDDT.TC_LoginDDT(java.lang.String,java.lang.String,java.lang.String)[pri:0, instance:testCases.TC_LoginDDT@2b71e916]" name="TC_LoginDDT" class="testCases.TC_LoginDDT"/>
      </group> <!-- Sanity -->
      <group name="Regression">
        <method signature="TC_LoginDDT.TC_LoginDDT(java.lang.String,java.lang.String,java.lang.String)[pri:0, instance:testCases.TC_LoginDDT@2b71e916]" name="TC_LoginDDT" class="testCases.TC_LoginDDT"/>
      </group> <!-- Regression -->
    </groups>
    <test started-at="2025-03-14T06:50:46 IST" name="Test" finished-at="2025-03-14T06:51:46 IST" duration-ms="59864">
      <class name="testCases.TC_LoginDDT">
        <test-method is-config="true" signature="setup(java.lang.String)[pri:0, instance:testCases.TC_LoginDDT@2b71e916]" started-at="2025-03-14T06:50:46 IST" name="setup" finished-at="2025-03-14T06:50:59 IST" duration-ms="12538" status="PASS">
          <params>
            <param index="0">
              <value>
                <![CDATA[Edge]]>
              </value>
            </param>
          </params>
          <reporter-output>
          </reporter-output>
        </test-method> <!-- setup -->
        <test-method signature="TC_LoginDDT(java.lang.String,java.lang.String,java.lang.String)[pri:0, instance:testCases.TC_LoginDDT@2b71e916]" started-at="2025-03-14T06:51:00 IST" name="TC_LoginDDT" data-provider="loginData" finished-at="2025-03-14T06:51:03 IST" duration-ms="2573" status="PASS">
          <params>
            <param index="0">
              <value>
                <![CDATA[gnana@gmail.com]]>
              </value>
            </param>
            <param index="1">
              <value>
                <![CDATA[Test@1234]]>
              </value>
            </param>
            <param index="2">
              <value>
                <![CDATA[valid]]>
              </value>
            </param>
          </params>
          <reporter-output>
          </reporter-output>
        </test-method> <!-- TC_LoginDDT -->
        <test-method signature="TC_LoginDDT(java.lang.String,java.lang.String,java.lang.String)[pri:0, instance:testCases.TC_LoginDDT@2b71e916]" started-at="2025-03-14T06:51:03 IST" name="TC_LoginDDT" data-provider="loginData" finished-at="2025-03-14T06:51:24 IST" duration-ms="21237" status="PASS">
          <params>
            <param index="0">
              <value>
                <![CDATA[gnana@gmail.com]]>
              </value>
            </param>
            <param index="1">
              <value>
                <![CDATA[Hsjk%768]]>
              </value>
            </param>
            <param index="2">
              <value>
                <![CDATA[invalid]]>
              </value>
            </param>
          </params>
          <reporter-output>
          </reporter-output>
        </test-method> <!-- TC_LoginDDT -->
        <test-method signature="TC_LoginDDT(java.lang.String,java.lang.String,java.lang.String)[pri:0, instance:testCases.TC_LoginDDT@2b71e916]" started-at="2025-03-14T06:51:24 IST" name="TC_LoginDDT" data-provider="loginData" finished-at="2025-03-14T06:51:46 IST" duration-ms="21573" status="PASS">
          <params>
            <param index="0">
              <value>
                <![CDATA[xbjasd@gamil.com]]>
              </value>
            </param>
            <param index="1">
              <value>
                <![CDATA[Test@1234]]>
              </value>
            </param>
            <param index="2">
              <value>
                <![CDATA[invalid]]>
              </value>
            </param>
          </params>
          <reporter-output>
          </reporter-output>
        </test-method> <!-- TC_LoginDDT -->
        <test-method is-config="true" signature="teardown()[pri:0, instance:testCases.TC_LoginDDT@2b71e916]" started-at="2025-03-14T06:51:46 IST" name="teardown" finished-at="2025-03-14T06:51:46 IST" duration-ms="331" status="PASS">
          <reporter-output>
          </reporter-output>
        </test-method> <!-- teardown -->
      </class> <!-- testCases.TC_LoginDDT -->
    </test> <!-- Test -->
  </suite> <!-- Suite -->
</testng-results>
