<?xml version="1.0" encoding="UTF-8"?>
<!-- Generated by org.testng.reporters.JUnitXMLReporter -->
<testsuite ignored="0" hostname="KIRAN0727" failures="0" tests="3" name="Test" time="59.864" errors="0" timestamp="2025-03-14T06:51:46 IST">
  <testcase classname="testCases.TC_LoginDDT" name="TC_LoginDDT" time="2.573"/>
  <testcase classname="testCases.TC_LoginDDT" name="TC_LoginDDT" time="21.237"/>
  <testcase classname="testCases.TC_LoginDDT" name="TC_LoginDDT" time="21.573"/>
</testsuite> <!-- Test -->
